{"D:\\ASTON2020\\programmation\\cdnt10-node\\TPfin\\app.js": {"path":"D:\\ASTON2020\\programmation\\cdnt10-node\\TPfin\\app.js","statementMap":{"0":{"start":{"line":1,"column":16},"end":{"line":1,"column":34}},"1":{"start":{"line":2,"column":20},"end":{"line":2,"column":45}},"2":{"start":{"line":3,"column":29},"end":{"line":3,"column":63}},"3":{"start":{"line":4,"column":22},"end":{"line":4,"column":49}},"4":{"start":{"line":5,"column":22},"end":{"line":5,"column":49}},"5":{"start":{"line":6,"column":28},"end":{"line":6,"column":61}},"6":{"start":{"line":7,"column":25},"end":{"line":7,"column":55}},"7":{"start":{"line":8,"column":17},"end":{"line":8,"column":39}},"8":{"start":{"line":10,"column":12},"end":{"line":10,"column":21}},"9":{"start":{"line":11,"column":13},"end":{"line":11,"column":17}},"10":{"start":{"line":13,"column":0},"end":{"line":13,"column":24}},"11":{"start":{"line":16,"column":0},"end":{"line":16,"column":35}},"12":{"start":{"line":17,"column":0},"end":{"line":17,"column":51}},"13":{"start":{"line":18,"column":0},"end":{"line":18,"column":35}},"14":{"start":{"line":19,"column":0},"end":{"line":19,"column":44}},"15":{"start":{"line":20,"column":0},"end":{"line":20,"column":39}},"16":{"start":{"line":21,"column":0},"end":{"line":21,"column":43}},"17":{"start":{"line":22,"column":0},"end":{"line":22,"column":31}},"18":{"start":{"line":27,"column":0},"end":{"line":29,"column":2}},"19":{"start":{"line":28,"column":2},"end":{"line":28,"column":32}},"20":{"start":{"line":31,"column":0},"end":{"line":31,"column":21}}},"fnMap":{"0":{"name":"(anonymous_0)","decl":{"start":{"line":27,"column":18},"end":{"line":27,"column":19}},"loc":{"start":{"line":27,"column":22},"end":{"line":29,"column":1}},"line":27}},"branchMap":{},"s":{"0":1,"1":1,"2":1,"3":1,"4":1,"5":1,"6":1,"7":1,"8":1,"9":1,"10":1,"11":1,"12":1,"13":1,"14":1,"15":1,"16":1,"17":1,"18":1,"19":1,"20":1},"f":{"0":1},"b":{},"_coverageSchema":"1a1c01bbd47fc00a2c39e90264f33305004495a9","hash":"ceb1ad8d6adeb7d296ad664d757c4866f027b633"}
,"D:\\ASTON2020\\programmation\\cdnt10-node\\TPfin\\controllers\\ad.controller.js": {"path":"D:\\ASTON2020\\programmation\\cdnt10-node\\TPfin\\controllers\\ad.controller.js","statementMap":{"0":{"start":{"line":2,"column":11},"end":{"line":2,"column":34}},"1":{"start":{"line":3,"column":16},"end":{"line":3,"column":44}},"2":{"start":{"line":4,"column":18},"end":{"line":4,"column":48}},"3":{"start":{"line":5,"column":19},"end":{"line":5,"column":50}},"4":{"start":{"line":6,"column":22},"end":{"line":6,"column":56}},"5":{"start":{"line":7,"column":23},"end":{"line":7,"column":58}},"6":{"start":{"line":15,"column":0},"end":{"line":49,"column":1}},"7":{"start":{"line":16,"column":4},"end":{"line":48,"column":34}},"8":{"start":{"line":47,"column":19},"end":{"line":47,"column":47}},"9":{"start":{"line":48,"column":17},"end":{"line":48,"column":33}},"10":{"start":{"line":54,"column":0},"end":{"line":59,"column":1}},"11":{"start":{"line":55,"column":13},"end":{"line":55,"column":26}},"12":{"start":{"line":56,"column":2},"end":{"line":58,"column":34}},"13":{"start":{"line":57,"column":15},"end":{"line":57,"column":39}},"14":{"start":{"line":58,"column":17},"end":{"line":58,"column":33}},"15":{"start":{"line":64,"column":0},"end":{"line":79,"column":1}},"16":{"start":{"line":65,"column":13},"end":{"line":65,"column":21}},"17":{"start":{"line":66,"column":2},"end":{"line":78,"column":34}},"18":{"start":{"line":69,"column":8},"end":{"line":76,"column":11}},"19":{"start":{"line":70,"column":12},"end":{"line":72,"column":44}},"20":{"start":{"line":71,"column":24},"end":{"line":71,"column":55}},"21":{"start":{"line":72,"column":27},"end":{"line":72,"column":43}},"22":{"start":{"line":75,"column":12},"end":{"line":75,"column":43}},"23":{"start":{"line":78,"column":17},"end":{"line":78,"column":33}},"24":{"start":{"line":84,"column":0},"end":{"line":94,"column":1}},"25":{"start":{"line":85,"column":13},"end":{"line":85,"column":26}},"26":{"start":{"line":86,"column":13},"end":{"line":86,"column":21}},"27":{"start":{"line":87,"column":2},"end":{"line":93,"column":34}},"28":{"start":{"line":92,"column":21},"end":{"line":92,"column":76}},"29":{"start":{"line":93,"column":17},"end":{"line":93,"column":33}},"30":{"start":{"line":99,"column":0},"end":{"line":108,"column":1}},"31":{"start":{"line":100,"column":13},"end":{"line":100,"column":26}},"32":{"start":{"line":101,"column":2},"end":{"line":107,"column":34}},"33":{"start":{"line":106,"column":22},"end":{"line":106,"column":79}},"34":{"start":{"line":107,"column":17},"end":{"line":107,"column":33}}},"fnMap":{"0":{"name":"(anonymous_0)","decl":{"start":{"line":15,"column":18},"end":{"line":15,"column":19}},"loc":{"start":{"line":15,"column":37},"end":{"line":49,"column":1}},"line":15},"1":{"name":"(anonymous_1)","decl":{"start":{"line":47,"column":9},"end":{"line":47,"column":10}},"loc":{"start":{"line":47,"column":19},"end":{"line":47,"column":47}},"line":47},"2":{"name":"(anonymous_2)","decl":{"start":{"line":48,"column":10},"end":{"line":48,"column":11}},"loc":{"start":{"line":48,"column":17},"end":{"line":48,"column":33}},"line":48},"3":{"name":"(anonymous_3)","decl":{"start":{"line":54,"column":20},"end":{"line":54,"column":21}},"loc":{"start":{"line":54,"column":39},"end":{"line":59,"column":1}},"line":54},"4":{"name":"(anonymous_4)","decl":{"start":{"line":57,"column":9},"end":{"line":57,"column":10}},"loc":{"start":{"line":57,"column":15},"end":{"line":57,"column":39}},"line":57},"5":{"name":"(anonymous_5)","decl":{"start":{"line":58,"column":10},"end":{"line":58,"column":11}},"loc":{"start":{"line":58,"column":17},"end":{"line":58,"column":33}},"line":58},"6":{"name":"(anonymous_6)","decl":{"start":{"line":64,"column":17},"end":{"line":64,"column":18}},"loc":{"start":{"line":64,"column":36},"end":{"line":79,"column":1}},"line":64},"7":{"name":"(anonymous_7)","decl":{"start":{"line":67,"column":9},"end":{"line":67,"column":10}},"loc":{"start":{"line":68,"column":4},"end":{"line":77,"column":5}},"line":68},"8":{"name":"(anonymous_8)","decl":{"start":{"line":71,"column":18},"end":{"line":71,"column":19}},"loc":{"start":{"line":71,"column":24},"end":{"line":71,"column":55}},"line":71},"9":{"name":"(anonymous_9)","decl":{"start":{"line":72,"column":20},"end":{"line":72,"column":21}},"loc":{"start":{"line":72,"column":27},"end":{"line":72,"column":43}},"line":72},"10":{"name":"(anonymous_10)","decl":{"start":{"line":78,"column":10},"end":{"line":78,"column":11}},"loc":{"start":{"line":78,"column":17},"end":{"line":78,"column":33}},"line":78},"11":{"name":"(anonymous_11)","decl":{"start":{"line":84,"column":18},"end":{"line":84,"column":19}},"loc":{"start":{"line":84,"column":37},"end":{"line":94,"column":1}},"line":84},"12":{"name":"(anonymous_12)","decl":{"start":{"line":92,"column":9},"end":{"line":92,"column":10}},"loc":{"start":{"line":92,"column":21},"end":{"line":92,"column":76}},"line":92},"13":{"name":"(anonymous_13)","decl":{"start":{"line":93,"column":10},"end":{"line":93,"column":11}},"loc":{"start":{"line":93,"column":17},"end":{"line":93,"column":33}},"line":93},"14":{"name":"(anonymous_14)","decl":{"start":{"line":99,"column":20},"end":{"line":99,"column":21}},"loc":{"start":{"line":99,"column":39},"end":{"line":108,"column":1}},"line":99},"15":{"name":"(anonymous_15)","decl":{"start":{"line":106,"column":9},"end":{"line":106,"column":10}},"loc":{"start":{"line":106,"column":22},"end":{"line":106,"column":79}},"line":106},"16":{"name":"(anonymous_16)","decl":{"start":{"line":107,"column":10},"end":{"line":107,"column":11}},"loc":{"start":{"line":107,"column":17},"end":{"line":107,"column":33}},"line":107}},"branchMap":{"0":{"loc":{"start":{"line":69,"column":8},"end":{"line":76,"column":11}},"type":"if","locations":[{"start":{"line":69,"column":8},"end":{"line":76,"column":11}},{"start":{"line":69,"column":8},"end":{"line":76,"column":11}}],"line":69},"1":{"loc":{"start":{"line":69,"column":11},"end":{"line":69,"column":61}},"type":"binary-expr","locations":[{"start":{"line":69,"column":11},"end":{"line":69,"column":35}},{"start":{"line":69,"column":39},"end":{"line":69,"column":61}}],"line":69}},"s":{"0":1,"1":1,"2":1,"3":1,"4":1,"5":1,"6":1,"7":0,"8":0,"9":0,"10":1,"11":0,"12":0,"13":0,"14":0,"15":1,"16":0,"17":0,"18":0,"19":0,"20":0,"21":0,"22":0,"23":0,"24":1,"25":0,"26":0,"27":0,"28":0,"29":0,"30":1,"31":0,"32":0,"33":0,"34":0},"f":{"0":0,"1":0,"2":0,"3":0,"4":0,"5":0,"6":0,"7":0,"8":0,"9":0,"10":0,"11":0,"12":0,"13":0,"14":0,"15":0,"16":0},"b":{"0":[0,0],"1":[0,0]},"_coverageSchema":"1a1c01bbd47fc00a2c39e90264f33305004495a9","hash":"d2f1a7442510508fe3cfe3e838002c6e99ddc7f8"}
,"D:\\ASTON2020\\programmation\\cdnt10-node\\TPfin\\controllers\\agentimmovable.controller.js": {"path":"D:\\ASTON2020\\programmation\\cdnt10-node\\TPfin\\controllers\\agentimmovable.controller.js","statementMap":{"0":{"start":{"line":2,"column":23},"end":{"line":2,"column":58}},"1":{"start":{"line":3,"column":14},"end":{"line":3,"column":40}},"2":{"start":{"line":12,"column":0},"end":{"line":24,"column":1}},"3":{"start":{"line":13,"column":4},"end":{"line":23,"column":34}},"4":{"start":{"line":22,"column":19},"end":{"line":22,"column":47}},"5":{"start":{"line":23,"column":17},"end":{"line":23,"column":33}},"6":{"start":{"line":29,"column":0},"end":{"line":34,"column":1}},"7":{"start":{"line":30,"column":13},"end":{"line":30,"column":26}},"8":{"start":{"line":31,"column":2},"end":{"line":33,"column":34}},"9":{"start":{"line":32,"column":27},"end":{"line":32,"column":63}},"10":{"start":{"line":33,"column":17},"end":{"line":33,"column":33}},"11":{"start":{"line":39,"column":0},"end":{"line":44,"column":1}},"12":{"start":{"line":40,"column":25},"end":{"line":40,"column":33}},"13":{"start":{"line":41,"column":2},"end":{"line":43,"column":34}},"14":{"start":{"line":42,"column":34},"end":{"line":42,"column":77}},"15":{"start":{"line":43,"column":17},"end":{"line":43,"column":33}},"16":{"start":{"line":49,"column":0},"end":{"line":59,"column":1}},"17":{"start":{"line":50,"column":13},"end":{"line":50,"column":26}},"18":{"start":{"line":51,"column":25},"end":{"line":51,"column":33}},"19":{"start":{"line":52,"column":2},"end":{"line":58,"column":34}},"20":{"start":{"line":57,"column":33},"end":{"line":57,"column":112}},"21":{"start":{"line":58,"column":17},"end":{"line":58,"column":33}},"22":{"start":{"line":64,"column":0},"end":{"line":73,"column":1}},"23":{"start":{"line":65,"column":13},"end":{"line":65,"column":26}},"24":{"start":{"line":66,"column":2},"end":{"line":72,"column":34}},"25":{"start":{"line":71,"column":34},"end":{"line":71,"column":115}},"26":{"start":{"line":72,"column":17},"end":{"line":72,"column":33}}},"fnMap":{"0":{"name":"(anonymous_0)","decl":{"start":{"line":12,"column":30},"end":{"line":12,"column":31}},"loc":{"start":{"line":12,"column":49},"end":{"line":24,"column":1}},"line":12},"1":{"name":"(anonymous_1)","decl":{"start":{"line":22,"column":9},"end":{"line":22,"column":10}},"loc":{"start":{"line":22,"column":19},"end":{"line":22,"column":47}},"line":22},"2":{"name":"(anonymous_2)","decl":{"start":{"line":23,"column":10},"end":{"line":23,"column":11}},"loc":{"start":{"line":23,"column":17},"end":{"line":23,"column":33}},"line":23},"3":{"name":"(anonymous_3)","decl":{"start":{"line":29,"column":32},"end":{"line":29,"column":33}},"loc":{"start":{"line":29,"column":51},"end":{"line":34,"column":1}},"line":29},"4":{"name":"(anonymous_4)","decl":{"start":{"line":32,"column":9},"end":{"line":32,"column":10}},"loc":{"start":{"line":32,"column":27},"end":{"line":32,"column":63}},"line":32},"5":{"name":"(anonymous_5)","decl":{"start":{"line":33,"column":10},"end":{"line":33,"column":11}},"loc":{"start":{"line":33,"column":17},"end":{"line":33,"column":33}},"line":33},"6":{"name":"(anonymous_6)","decl":{"start":{"line":39,"column":29},"end":{"line":39,"column":30}},"loc":{"start":{"line":39,"column":48},"end":{"line":44,"column":1}},"line":39},"7":{"name":"(anonymous_7)","decl":{"start":{"line":42,"column":9},"end":{"line":42,"column":10}},"loc":{"start":{"line":42,"column":34},"end":{"line":42,"column":77}},"line":42},"8":{"name":"(anonymous_8)","decl":{"start":{"line":43,"column":10},"end":{"line":43,"column":11}},"loc":{"start":{"line":43,"column":17},"end":{"line":43,"column":33}},"line":43},"9":{"name":"(anonymous_9)","decl":{"start":{"line":49,"column":30},"end":{"line":49,"column":31}},"loc":{"start":{"line":49,"column":49},"end":{"line":59,"column":1}},"line":49},"10":{"name":"(anonymous_10)","decl":{"start":{"line":57,"column":9},"end":{"line":57,"column":10}},"loc":{"start":{"line":57,"column":33},"end":{"line":57,"column":112}},"line":57},"11":{"name":"(anonymous_11)","decl":{"start":{"line":58,"column":10},"end":{"line":58,"column":11}},"loc":{"start":{"line":58,"column":17},"end":{"line":58,"column":33}},"line":58},"12":{"name":"(anonymous_12)","decl":{"start":{"line":64,"column":32},"end":{"line":64,"column":33}},"loc":{"start":{"line":64,"column":51},"end":{"line":73,"column":1}},"line":64},"13":{"name":"(anonymous_13)","decl":{"start":{"line":71,"column":9},"end":{"line":71,"column":10}},"loc":{"start":{"line":71,"column":34},"end":{"line":71,"column":115}},"line":71},"14":{"name":"(anonymous_14)","decl":{"start":{"line":72,"column":10},"end":{"line":72,"column":11}},"loc":{"start":{"line":72,"column":17},"end":{"line":72,"column":33}},"line":72}},"branchMap":{},"s":{"0":1,"1":1,"2":1,"3":0,"4":0,"5":0,"6":1,"7":0,"8":0,"9":0,"10":0,"11":1,"12":0,"13":0,"14":0,"15":0,"16":1,"17":0,"18":0,"19":0,"20":0,"21":0,"22":1,"23":0,"24":0,"25":0,"26":0},"f":{"0":0,"1":0,"2":0,"3":0,"4":0,"5":0,"6":0,"7":0,"8":0,"9":0,"10":0,"11":0,"12":0,"13":0,"14":0},"b":{},"_coverageSchema":"1a1c01bbd47fc00a2c39e90264f33305004495a9","hash":"4327aaeb2060a08bc0496ebe4bcab6d15bea2d99"}
,"D:\\ASTON2020\\programmation\\cdnt10-node\\TPfin\\controllers\\buyer.controller.js": {"path":"D:\\ASTON2020\\programmation\\cdnt10-node\\TPfin\\controllers\\buyer.controller.js","statementMap":{"0":{"start":{"line":2,"column":14},"end":{"line":2,"column":40}},"1":{"start":{"line":11,"column":0},"end":{"line":15,"column":1}},"2":{"start":{"line":12,"column":4},"end":{"line":14,"column":34}},"3":{"start":{"line":13,"column":19},"end":{"line":13,"column":47}},"4":{"start":{"line":14,"column":17},"end":{"line":14,"column":33}},"5":{"start":{"line":20,"column":0},"end":{"line":25,"column":1}},"6":{"start":{"line":21,"column":13},"end":{"line":21,"column":26}},"7":{"start":{"line":22,"column":2},"end":{"line":24,"column":34}},"8":{"start":{"line":23,"column":18},"end":{"line":23,"column":45}},"9":{"start":{"line":24,"column":17},"end":{"line":24,"column":33}},"10":{"start":{"line":30,"column":0},"end":{"line":35,"column":1}},"11":{"start":{"line":31,"column":16},"end":{"line":31,"column":24}},"12":{"start":{"line":32,"column":2},"end":{"line":34,"column":34}},"13":{"start":{"line":33,"column":25},"end":{"line":33,"column":59}},"14":{"start":{"line":34,"column":17},"end":{"line":34,"column":33}},"15":{"start":{"line":40,"column":0},"end":{"line":50,"column":1}},"16":{"start":{"line":41,"column":13},"end":{"line":41,"column":26}},"17":{"start":{"line":42,"column":16},"end":{"line":42,"column":24}},"18":{"start":{"line":43,"column":2},"end":{"line":49,"column":34}},"19":{"start":{"line":48,"column":24},"end":{"line":48,"column":85}},"20":{"start":{"line":49,"column":17},"end":{"line":49,"column":33}},"21":{"start":{"line":55,"column":0},"end":{"line":64,"column":1}},"22":{"start":{"line":56,"column":13},"end":{"line":56,"column":26}},"23":{"start":{"line":57,"column":2},"end":{"line":63,"column":34}},"24":{"start":{"line":62,"column":25},"end":{"line":62,"column":88}},"25":{"start":{"line":63,"column":17},"end":{"line":63,"column":33}}},"fnMap":{"0":{"name":"(anonymous_0)","decl":{"start":{"line":11,"column":21},"end":{"line":11,"column":22}},"loc":{"start":{"line":11,"column":40},"end":{"line":15,"column":1}},"line":11},"1":{"name":"(anonymous_1)","decl":{"start":{"line":13,"column":9},"end":{"line":13,"column":10}},"loc":{"start":{"line":13,"column":19},"end":{"line":13,"column":47}},"line":13},"2":{"name":"(anonymous_2)","decl":{"start":{"line":14,"column":10},"end":{"line":14,"column":11}},"loc":{"start":{"line":14,"column":17},"end":{"line":14,"column":33}},"line":14},"3":{"name":"(anonymous_3)","decl":{"start":{"line":20,"column":23},"end":{"line":20,"column":24}},"loc":{"start":{"line":20,"column":42},"end":{"line":25,"column":1}},"line":20},"4":{"name":"(anonymous_4)","decl":{"start":{"line":23,"column":9},"end":{"line":23,"column":10}},"loc":{"start":{"line":23,"column":18},"end":{"line":23,"column":45}},"line":23},"5":{"name":"(anonymous_5)","decl":{"start":{"line":24,"column":10},"end":{"line":24,"column":11}},"loc":{"start":{"line":24,"column":17},"end":{"line":24,"column":33}},"line":24},"6":{"name":"(anonymous_6)","decl":{"start":{"line":30,"column":20},"end":{"line":30,"column":21}},"loc":{"start":{"line":30,"column":39},"end":{"line":35,"column":1}},"line":30},"7":{"name":"(anonymous_7)","decl":{"start":{"line":33,"column":9},"end":{"line":33,"column":10}},"loc":{"start":{"line":33,"column":25},"end":{"line":33,"column":59}},"line":33},"8":{"name":"(anonymous_8)","decl":{"start":{"line":34,"column":10},"end":{"line":34,"column":11}},"loc":{"start":{"line":34,"column":17},"end":{"line":34,"column":33}},"line":34},"9":{"name":"(anonymous_9)","decl":{"start":{"line":40,"column":21},"end":{"line":40,"column":22}},"loc":{"start":{"line":40,"column":40},"end":{"line":50,"column":1}},"line":40},"10":{"name":"(anonymous_10)","decl":{"start":{"line":48,"column":9},"end":{"line":48,"column":10}},"loc":{"start":{"line":48,"column":24},"end":{"line":48,"column":85}},"line":48},"11":{"name":"(anonymous_11)","decl":{"start":{"line":49,"column":10},"end":{"line":49,"column":11}},"loc":{"start":{"line":49,"column":17},"end":{"line":49,"column":33}},"line":49},"12":{"name":"(anonymous_12)","decl":{"start":{"line":55,"column":23},"end":{"line":55,"column":24}},"loc":{"start":{"line":55,"column":42},"end":{"line":64,"column":1}},"line":55},"13":{"name":"(anonymous_13)","decl":{"start":{"line":62,"column":9},"end":{"line":62,"column":10}},"loc":{"start":{"line":62,"column":25},"end":{"line":62,"column":88}},"line":62},"14":{"name":"(anonymous_14)","decl":{"start":{"line":63,"column":10},"end":{"line":63,"column":11}},"loc":{"start":{"line":63,"column":17},"end":{"line":63,"column":33}},"line":63}},"branchMap":{},"s":{"0":1,"1":1,"2":0,"3":0,"4":0,"5":1,"6":0,"7":0,"8":0,"9":0,"10":1,"11":0,"12":0,"13":0,"14":0,"15":1,"16":0,"17":0,"18":0,"19":0,"20":0,"21":1,"22":0,"23":0,"24":0,"25":0},"f":{"0":0,"1":0,"2":0,"3":0,"4":0,"5":0,"6":0,"7":0,"8":0,"9":0,"10":0,"11":0,"12":0,"13":0,"14":0},"b":{},"_coverageSchema":"1a1c01bbd47fc00a2c39e90264f33305004495a9","hash":"79a39eb50019cc8c674d4514888d67ce22b7cb86"}
,"D:\\ASTON2020\\programmation\\cdnt10-node\\TPfin\\controllers\\feature.controller.js": {"path":"D:\\ASTON2020\\programmation\\cdnt10-node\\TPfin\\controllers\\feature.controller.js","statementMap":{"0":{"start":{"line":2,"column":16},"end":{"line":2,"column":44}},"1":{"start":{"line":11,"column":0},"end":{"line":15,"column":1}},"2":{"start":{"line":12,"column":4},"end":{"line":14,"column":34}},"3":{"start":{"line":13,"column":19},"end":{"line":13,"column":47}},"4":{"start":{"line":14,"column":17},"end":{"line":14,"column":33}},"5":{"start":{"line":20,"column":0},"end":{"line":25,"column":1}},"6":{"start":{"line":21,"column":13},"end":{"line":21,"column":26}},"7":{"start":{"line":22,"column":2},"end":{"line":24,"column":34}},"8":{"start":{"line":23,"column":20},"end":{"line":23,"column":49}},"9":{"start":{"line":24,"column":17},"end":{"line":24,"column":33}},"10":{"start":{"line":30,"column":0},"end":{"line":35,"column":1}},"11":{"start":{"line":31,"column":18},"end":{"line":31,"column":26}},"12":{"start":{"line":32,"column":2},"end":{"line":34,"column":34}},"13":{"start":{"line":33,"column":27},"end":{"line":33,"column":63}},"14":{"start":{"line":34,"column":17},"end":{"line":34,"column":33}},"15":{"start":{"line":40,"column":0},"end":{"line":50,"column":1}},"16":{"start":{"line":41,"column":13},"end":{"line":41,"column":26}},"17":{"start":{"line":42,"column":18},"end":{"line":42,"column":26}},"18":{"start":{"line":43,"column":2},"end":{"line":49,"column":34}},"19":{"start":{"line":48,"column":26},"end":{"line":48,"column":91}},"20":{"start":{"line":49,"column":17},"end":{"line":49,"column":33}},"21":{"start":{"line":55,"column":0},"end":{"line":64,"column":1}},"22":{"start":{"line":56,"column":13},"end":{"line":56,"column":26}},"23":{"start":{"line":57,"column":2},"end":{"line":63,"column":34}},"24":{"start":{"line":62,"column":27},"end":{"line":62,"column":94}},"25":{"start":{"line":63,"column":17},"end":{"line":63,"column":33}}},"fnMap":{"0":{"name":"(anonymous_0)","decl":{"start":{"line":11,"column":23},"end":{"line":11,"column":24}},"loc":{"start":{"line":11,"column":42},"end":{"line":15,"column":1}},"line":11},"1":{"name":"(anonymous_1)","decl":{"start":{"line":13,"column":9},"end":{"line":13,"column":10}},"loc":{"start":{"line":13,"column":19},"end":{"line":13,"column":47}},"line":13},"2":{"name":"(anonymous_2)","decl":{"start":{"line":14,"column":10},"end":{"line":14,"column":11}},"loc":{"start":{"line":14,"column":17},"end":{"line":14,"column":33}},"line":14},"3":{"name":"(anonymous_3)","decl":{"start":{"line":20,"column":25},"end":{"line":20,"column":26}},"loc":{"start":{"line":20,"column":44},"end":{"line":25,"column":1}},"line":20},"4":{"name":"(anonymous_4)","decl":{"start":{"line":23,"column":9},"end":{"line":23,"column":10}},"loc":{"start":{"line":23,"column":20},"end":{"line":23,"column":49}},"line":23},"5":{"name":"(anonymous_5)","decl":{"start":{"line":24,"column":10},"end":{"line":24,"column":11}},"loc":{"start":{"line":24,"column":17},"end":{"line":24,"column":33}},"line":24},"6":{"name":"(anonymous_6)","decl":{"start":{"line":30,"column":22},"end":{"line":30,"column":23}},"loc":{"start":{"line":30,"column":41},"end":{"line":35,"column":1}},"line":30},"7":{"name":"(anonymous_7)","decl":{"start":{"line":33,"column":9},"end":{"line":33,"column":10}},"loc":{"start":{"line":33,"column":27},"end":{"line":33,"column":63}},"line":33},"8":{"name":"(anonymous_8)","decl":{"start":{"line":34,"column":10},"end":{"line":34,"column":11}},"loc":{"start":{"line":34,"column":17},"end":{"line":34,"column":33}},"line":34},"9":{"name":"(anonymous_9)","decl":{"start":{"line":40,"column":23},"end":{"line":40,"column":24}},"loc":{"start":{"line":40,"column":42},"end":{"line":50,"column":1}},"line":40},"10":{"name":"(anonymous_10)","decl":{"start":{"line":48,"column":9},"end":{"line":48,"column":10}},"loc":{"start":{"line":48,"column":26},"end":{"line":48,"column":91}},"line":48},"11":{"name":"(anonymous_11)","decl":{"start":{"line":49,"column":10},"end":{"line":49,"column":11}},"loc":{"start":{"line":49,"column":17},"end":{"line":49,"column":33}},"line":49},"12":{"name":"(anonymous_12)","decl":{"start":{"line":55,"column":25},"end":{"line":55,"column":26}},"loc":{"start":{"line":55,"column":44},"end":{"line":64,"column":1}},"line":55},"13":{"name":"(anonymous_13)","decl":{"start":{"line":62,"column":9},"end":{"line":62,"column":10}},"loc":{"start":{"line":62,"column":27},"end":{"line":62,"column":94}},"line":62},"14":{"name":"(anonymous_14)","decl":{"start":{"line":63,"column":10},"end":{"line":63,"column":11}},"loc":{"start":{"line":63,"column":17},"end":{"line":63,"column":33}},"line":63}},"branchMap":{},"s":{"0":1,"1":1,"2":0,"3":0,"4":0,"5":1,"6":0,"7":0,"8":0,"9":0,"10":1,"11":0,"12":0,"13":0,"14":0,"15":1,"16":0,"17":0,"18":0,"19":0,"20":0,"21":1,"22":0,"23":0,"24":0,"25":0},"f":{"0":0,"1":0,"2":0,"3":0,"4":0,"5":0,"6":0,"7":0,"8":0,"9":0,"10":0,"11":0,"12":0,"13":0,"14":0},"b":{},"_coverageSchema":"1a1c01bbd47fc00a2c39e90264f33305004495a9","hash":"e20116ccfa29b0b3ea903a8310d797698e09767c"}
,"D:\\ASTON2020\\programmation\\cdnt10-node\\TPfin\\controllers\\goodimmovable.controller.js": {"path":"D:\\ASTON2020\\programmation\\cdnt10-node\\TPfin\\controllers\\goodimmovable.controller.js","statementMap":{"0":{"start":{"line":2,"column":22},"end":{"line":2,"column":56}},"1":{"start":{"line":3,"column":16},"end":{"line":3,"column":44}},"2":{"start":{"line":4,"column":16},"end":{"line":4,"column":44}},"3":{"start":{"line":12,"column":0},"end":{"line":31,"column":1}},"4":{"start":{"line":13,"column":4},"end":{"line":30,"column":34}},"5":{"start":{"line":29,"column":19},"end":{"line":29,"column":47}},"6":{"start":{"line":30,"column":17},"end":{"line":30,"column":33}},"7":{"start":{"line":36,"column":0},"end":{"line":41,"column":1}},"8":{"start":{"line":37,"column":13},"end":{"line":37,"column":26}},"9":{"start":{"line":38,"column":2},"end":{"line":40,"column":34}},"10":{"start":{"line":39,"column":26},"end":{"line":39,"column":61}},"11":{"start":{"line":40,"column":17},"end":{"line":40,"column":33}},"12":{"start":{"line":46,"column":0},"end":{"line":51,"column":1}},"13":{"start":{"line":47,"column":24},"end":{"line":47,"column":32}},"14":{"start":{"line":48,"column":2},"end":{"line":50,"column":34}},"15":{"start":{"line":49,"column":33},"end":{"line":49,"column":75}},"16":{"start":{"line":50,"column":17},"end":{"line":50,"column":33}},"17":{"start":{"line":56,"column":0},"end":{"line":66,"column":1}},"18":{"start":{"line":57,"column":13},"end":{"line":57,"column":26}},"19":{"start":{"line":58,"column":24},"end":{"line":58,"column":32}},"20":{"start":{"line":59,"column":2},"end":{"line":65,"column":34}},"21":{"start":{"line":64,"column":32},"end":{"line":64,"column":109}},"22":{"start":{"line":65,"column":17},"end":{"line":65,"column":33}},"23":{"start":{"line":71,"column":0},"end":{"line":80,"column":1}},"24":{"start":{"line":72,"column":13},"end":{"line":72,"column":26}},"25":{"start":{"line":73,"column":2},"end":{"line":79,"column":34}},"26":{"start":{"line":78,"column":33},"end":{"line":78,"column":112}},"27":{"start":{"line":79,"column":17},"end":{"line":79,"column":33}}},"fnMap":{"0":{"name":"(anonymous_0)","decl":{"start":{"line":12,"column":29},"end":{"line":12,"column":30}},"loc":{"start":{"line":12,"column":48},"end":{"line":31,"column":1}},"line":12},"1":{"name":"(anonymous_1)","decl":{"start":{"line":29,"column":9},"end":{"line":29,"column":10}},"loc":{"start":{"line":29,"column":19},"end":{"line":29,"column":47}},"line":29},"2":{"name":"(anonymous_2)","decl":{"start":{"line":30,"column":10},"end":{"line":30,"column":11}},"loc":{"start":{"line":30,"column":17},"end":{"line":30,"column":33}},"line":30},"3":{"name":"(anonymous_3)","decl":{"start":{"line":36,"column":31},"end":{"line":36,"column":32}},"loc":{"start":{"line":36,"column":50},"end":{"line":41,"column":1}},"line":36},"4":{"name":"(anonymous_4)","decl":{"start":{"line":39,"column":9},"end":{"line":39,"column":10}},"loc":{"start":{"line":39,"column":26},"end":{"line":39,"column":61}},"line":39},"5":{"name":"(anonymous_5)","decl":{"start":{"line":40,"column":10},"end":{"line":40,"column":11}},"loc":{"start":{"line":40,"column":17},"end":{"line":40,"column":33}},"line":40},"6":{"name":"(anonymous_6)","decl":{"start":{"line":46,"column":28},"end":{"line":46,"column":29}},"loc":{"start":{"line":46,"column":47},"end":{"line":51,"column":1}},"line":46},"7":{"name":"(anonymous_7)","decl":{"start":{"line":49,"column":9},"end":{"line":49,"column":10}},"loc":{"start":{"line":49,"column":33},"end":{"line":49,"column":75}},"line":49},"8":{"name":"(anonymous_8)","decl":{"start":{"line":50,"column":10},"end":{"line":50,"column":11}},"loc":{"start":{"line":50,"column":17},"end":{"line":50,"column":33}},"line":50},"9":{"name":"(anonymous_9)","decl":{"start":{"line":56,"column":29},"end":{"line":56,"column":30}},"loc":{"start":{"line":56,"column":48},"end":{"line":66,"column":1}},"line":56},"10":{"name":"(anonymous_10)","decl":{"start":{"line":64,"column":9},"end":{"line":64,"column":10}},"loc":{"start":{"line":64,"column":32},"end":{"line":64,"column":109}},"line":64},"11":{"name":"(anonymous_11)","decl":{"start":{"line":65,"column":10},"end":{"line":65,"column":11}},"loc":{"start":{"line":65,"column":17},"end":{"line":65,"column":33}},"line":65},"12":{"name":"(anonymous_12)","decl":{"start":{"line":71,"column":31},"end":{"line":71,"column":32}},"loc":{"start":{"line":71,"column":50},"end":{"line":80,"column":1}},"line":71},"13":{"name":"(anonymous_13)","decl":{"start":{"line":78,"column":9},"end":{"line":78,"column":10}},"loc":{"start":{"line":78,"column":33},"end":{"line":78,"column":112}},"line":78},"14":{"name":"(anonymous_14)","decl":{"start":{"line":79,"column":10},"end":{"line":79,"column":11}},"loc":{"start":{"line":79,"column":17},"end":{"line":79,"column":33}},"line":79}},"branchMap":{},"s":{"0":1,"1":1,"2":1,"3":1,"4":0,"5":0,"6":0,"7":1,"8":0,"9":0,"10":0,"11":0,"12":1,"13":0,"14":0,"15":0,"16":0,"17":1,"18":0,"19":0,"20":0,"21":0,"22":0,"23":1,"24":0,"25":0,"26":0,"27":0},"f":{"0":0,"1":0,"2":0,"3":0,"4":0,"5":0,"6":0,"7":0,"8":0,"9":0,"10":0,"11":0,"12":0,"13":0,"14":0},"b":{},"_coverageSchema":"1a1c01bbd47fc00a2c39e90264f33305004495a9","hash":"660fd0bc6769e2ba7ecb763e05f02021f646b09e"}
,"D:\\ASTON2020\\programmation\\cdnt10-node\\TPfin\\controllers\\keyword.controller.js": {"path":"D:\\ASTON2020\\programmation\\cdnt10-node\\TPfin\\controllers\\keyword.controller.js","statementMap":{"0":{"start":{"line":2,"column":11},"end":{"line":2,"column":34}},"1":{"start":{"line":3,"column":16},"end":{"line":3,"column":44}},"2":{"start":{"line":4,"column":18},"end":{"line":4,"column":48}},"3":{"start":{"line":13,"column":0},"end":{"line":27,"column":1}},"4":{"start":{"line":14,"column":4},"end":{"line":26,"column":34}},"5":{"start":{"line":25,"column":19},"end":{"line":25,"column":47}},"6":{"start":{"line":26,"column":17},"end":{"line":26,"column":33}},"7":{"start":{"line":32,"column":0},"end":{"line":37,"column":1}},"8":{"start":{"line":33,"column":13},"end":{"line":33,"column":26}},"9":{"start":{"line":34,"column":2},"end":{"line":36,"column":34}},"10":{"start":{"line":35,"column":20},"end":{"line":35,"column":49}},"11":{"start":{"line":36,"column":17},"end":{"line":36,"column":33}},"12":{"start":{"line":42,"column":0},"end":{"line":47,"column":1}},"13":{"start":{"line":43,"column":18},"end":{"line":43,"column":26}},"14":{"start":{"line":44,"column":2},"end":{"line":46,"column":34}},"15":{"start":{"line":45,"column":27},"end":{"line":45,"column":63}},"16":{"start":{"line":46,"column":17},"end":{"line":46,"column":33}},"17":{"start":{"line":52,"column":0},"end":{"line":62,"column":1}},"18":{"start":{"line":53,"column":13},"end":{"line":53,"column":26}},"19":{"start":{"line":54,"column":18},"end":{"line":54,"column":26}},"20":{"start":{"line":55,"column":2},"end":{"line":61,"column":34}},"21":{"start":{"line":60,"column":26},"end":{"line":60,"column":91}},"22":{"start":{"line":61,"column":17},"end":{"line":61,"column":33}},"23":{"start":{"line":67,"column":0},"end":{"line":76,"column":1}},"24":{"start":{"line":68,"column":13},"end":{"line":68,"column":26}},"25":{"start":{"line":69,"column":2},"end":{"line":75,"column":34}},"26":{"start":{"line":74,"column":27},"end":{"line":74,"column":94}},"27":{"start":{"line":75,"column":17},"end":{"line":75,"column":33}}},"fnMap":{"0":{"name":"(anonymous_0)","decl":{"start":{"line":13,"column":23},"end":{"line":13,"column":24}},"loc":{"start":{"line":13,"column":42},"end":{"line":27,"column":1}},"line":13},"1":{"name":"(anonymous_1)","decl":{"start":{"line":25,"column":9},"end":{"line":25,"column":10}},"loc":{"start":{"line":25,"column":19},"end":{"line":25,"column":47}},"line":25},"2":{"name":"(anonymous_2)","decl":{"start":{"line":26,"column":10},"end":{"line":26,"column":11}},"loc":{"start":{"line":26,"column":17},"end":{"line":26,"column":33}},"line":26},"3":{"name":"(anonymous_3)","decl":{"start":{"line":32,"column":25},"end":{"line":32,"column":26}},"loc":{"start":{"line":32,"column":44},"end":{"line":37,"column":1}},"line":32},"4":{"name":"(anonymous_4)","decl":{"start":{"line":35,"column":9},"end":{"line":35,"column":10}},"loc":{"start":{"line":35,"column":20},"end":{"line":35,"column":49}},"line":35},"5":{"name":"(anonymous_5)","decl":{"start":{"line":36,"column":10},"end":{"line":36,"column":11}},"loc":{"start":{"line":36,"column":17},"end":{"line":36,"column":33}},"line":36},"6":{"name":"(anonymous_6)","decl":{"start":{"line":42,"column":22},"end":{"line":42,"column":23}},"loc":{"start":{"line":42,"column":41},"end":{"line":47,"column":1}},"line":42},"7":{"name":"(anonymous_7)","decl":{"start":{"line":45,"column":9},"end":{"line":45,"column":10}},"loc":{"start":{"line":45,"column":27},"end":{"line":45,"column":63}},"line":45},"8":{"name":"(anonymous_8)","decl":{"start":{"line":46,"column":10},"end":{"line":46,"column":11}},"loc":{"start":{"line":46,"column":17},"end":{"line":46,"column":33}},"line":46},"9":{"name":"(anonymous_9)","decl":{"start":{"line":52,"column":23},"end":{"line":52,"column":24}},"loc":{"start":{"line":52,"column":42},"end":{"line":62,"column":1}},"line":52},"10":{"name":"(anonymous_10)","decl":{"start":{"line":60,"column":9},"end":{"line":60,"column":10}},"loc":{"start":{"line":60,"column":26},"end":{"line":60,"column":91}},"line":60},"11":{"name":"(anonymous_11)","decl":{"start":{"line":61,"column":10},"end":{"line":61,"column":11}},"loc":{"start":{"line":61,"column":17},"end":{"line":61,"column":33}},"line":61},"12":{"name":"(anonymous_12)","decl":{"start":{"line":67,"column":25},"end":{"line":67,"column":26}},"loc":{"start":{"line":67,"column":44},"end":{"line":76,"column":1}},"line":67},"13":{"name":"(anonymous_13)","decl":{"start":{"line":74,"column":9},"end":{"line":74,"column":10}},"loc":{"start":{"line":74,"column":27},"end":{"line":74,"column":94}},"line":74},"14":{"name":"(anonymous_14)","decl":{"start":{"line":75,"column":10},"end":{"line":75,"column":11}},"loc":{"start":{"line":75,"column":17},"end":{"line":75,"column":33}},"line":75}},"branchMap":{},"s":{"0":1,"1":1,"2":1,"3":1,"4":0,"5":0,"6":0,"7":1,"8":0,"9":0,"10":0,"11":0,"12":1,"13":0,"14":0,"15":0,"16":0,"17":1,"18":0,"19":0,"20":0,"21":0,"22":0,"23":1,"24":0,"25":0,"26":0,"27":0},"f":{"0":0,"1":0,"2":0,"3":0,"4":0,"5":0,"6":0,"7":0,"8":0,"9":0,"10":0,"11":0,"12":0,"13":0,"14":0},"b":{},"_coverageSchema":"1a1c01bbd47fc00a2c39e90264f33305004495a9","hash":"0b33ae03082a94c13361da09bf490db22ee222ce"}
,"D:\\ASTON2020\\programmation\\cdnt10-node\\TPfin\\controllers\\salestatus.controller.js": {"path":"D:\\ASTON2020\\programmation\\cdnt10-node\\TPfin\\controllers\\salestatus.controller.js","statementMap":{"0":{"start":{"line":2,"column":19},"end":{"line":2,"column":50}},"1":{"start":{"line":11,"column":0},"end":{"line":15,"column":1}},"2":{"start":{"line":12,"column":4},"end":{"line":14,"column":34}},"3":{"start":{"line":13,"column":19},"end":{"line":13,"column":47}},"4":{"start":{"line":14,"column":17},"end":{"line":14,"column":33}},"5":{"start":{"line":20,"column":0},"end":{"line":25,"column":1}},"6":{"start":{"line":21,"column":13},"end":{"line":21,"column":26}},"7":{"start":{"line":22,"column":2},"end":{"line":24,"column":34}},"8":{"start":{"line":23,"column":23},"end":{"line":23,"column":55}},"9":{"start":{"line":24,"column":17},"end":{"line":24,"column":33}},"10":{"start":{"line":30,"column":0},"end":{"line":35,"column":1}},"11":{"start":{"line":31,"column":21},"end":{"line":31,"column":29}},"12":{"start":{"line":32,"column":2},"end":{"line":34,"column":34}},"13":{"start":{"line":33,"column":30},"end":{"line":33,"column":69}},"14":{"start":{"line":34,"column":17},"end":{"line":34,"column":33}},"15":{"start":{"line":40,"column":0},"end":{"line":50,"column":1}},"16":{"start":{"line":41,"column":13},"end":{"line":41,"column":26}},"17":{"start":{"line":42,"column":21},"end":{"line":42,"column":29}},"18":{"start":{"line":43,"column":2},"end":{"line":49,"column":34}},"19":{"start":{"line":48,"column":29},"end":{"line":48,"column":100}},"20":{"start":{"line":49,"column":17},"end":{"line":49,"column":33}},"21":{"start":{"line":55,"column":0},"end":{"line":64,"column":1}},"22":{"start":{"line":56,"column":13},"end":{"line":56,"column":26}},"23":{"start":{"line":57,"column":2},"end":{"line":63,"column":34}},"24":{"start":{"line":62,"column":30},"end":{"line":62,"column":103}},"25":{"start":{"line":63,"column":17},"end":{"line":63,"column":33}}},"fnMap":{"0":{"name":"(anonymous_0)","decl":{"start":{"line":11,"column":26},"end":{"line":11,"column":27}},"loc":{"start":{"line":11,"column":45},"end":{"line":15,"column":1}},"line":11},"1":{"name":"(anonymous_1)","decl":{"start":{"line":13,"column":9},"end":{"line":13,"column":10}},"loc":{"start":{"line":13,"column":19},"end":{"line":13,"column":47}},"line":13},"2":{"name":"(anonymous_2)","decl":{"start":{"line":14,"column":10},"end":{"line":14,"column":11}},"loc":{"start":{"line":14,"column":17},"end":{"line":14,"column":33}},"line":14},"3":{"name":"(anonymous_3)","decl":{"start":{"line":20,"column":28},"end":{"line":20,"column":29}},"loc":{"start":{"line":20,"column":47},"end":{"line":25,"column":1}},"line":20},"4":{"name":"(anonymous_4)","decl":{"start":{"line":23,"column":9},"end":{"line":23,"column":10}},"loc":{"start":{"line":23,"column":23},"end":{"line":23,"column":55}},"line":23},"5":{"name":"(anonymous_5)","decl":{"start":{"line":24,"column":10},"end":{"line":24,"column":11}},"loc":{"start":{"line":24,"column":17},"end":{"line":24,"column":33}},"line":24},"6":{"name":"(anonymous_6)","decl":{"start":{"line":30,"column":25},"end":{"line":30,"column":26}},"loc":{"start":{"line":30,"column":44},"end":{"line":35,"column":1}},"line":30},"7":{"name":"(anonymous_7)","decl":{"start":{"line":33,"column":9},"end":{"line":33,"column":10}},"loc":{"start":{"line":33,"column":30},"end":{"line":33,"column":69}},"line":33},"8":{"name":"(anonymous_8)","decl":{"start":{"line":34,"column":10},"end":{"line":34,"column":11}},"loc":{"start":{"line":34,"column":17},"end":{"line":34,"column":33}},"line":34},"9":{"name":"(anonymous_9)","decl":{"start":{"line":40,"column":26},"end":{"line":40,"column":27}},"loc":{"start":{"line":40,"column":45},"end":{"line":50,"column":1}},"line":40},"10":{"name":"(anonymous_10)","decl":{"start":{"line":48,"column":9},"end":{"line":48,"column":10}},"loc":{"start":{"line":48,"column":29},"end":{"line":48,"column":100}},"line":48},"11":{"name":"(anonymous_11)","decl":{"start":{"line":49,"column":10},"end":{"line":49,"column":11}},"loc":{"start":{"line":49,"column":17},"end":{"line":49,"column":33}},"line":49},"12":{"name":"(anonymous_12)","decl":{"start":{"line":55,"column":28},"end":{"line":55,"column":29}},"loc":{"start":{"line":55,"column":47},"end":{"line":64,"column":1}},"line":55},"13":{"name":"(anonymous_13)","decl":{"start":{"line":62,"column":9},"end":{"line":62,"column":10}},"loc":{"start":{"line":62,"column":30},"end":{"line":62,"column":103}},"line":62},"14":{"name":"(anonymous_14)","decl":{"start":{"line":63,"column":10},"end":{"line":63,"column":11}},"loc":{"start":{"line":63,"column":17},"end":{"line":63,"column":33}},"line":63}},"branchMap":{},"s":{"0":1,"1":1,"2":1,"3":1,"4":0,"5":1,"6":0,"7":0,"8":0,"9":0,"10":1,"11":0,"12":0,"13":0,"14":0,"15":1,"16":0,"17":0,"18":0,"19":0,"20":0,"21":1,"22":0,"23":0,"24":0,"25":0},"f":{"0":1,"1":1,"2":0,"3":0,"4":0,"5":0,"6":0,"7":0,"8":0,"9":0,"10":0,"11":0,"12":0,"13":0,"14":0},"b":{},"_coverageSchema":"1a1c01bbd47fc00a2c39e90264f33305004495a9","hash":"9bbd2964ad73eb4ec772e05732aab296115ab653"}
,"D:\\ASTON2020\\programmation\\cdnt10-node\\TPfin\\models\\ad.js": {"path":"D:\\ASTON2020\\programmation\\cdnt10-node\\TPfin\\models\\ad.js","statementMap":{"0":{"start":{"line":4,"column":4},"end":{"line":4,"column":24}},"1":{"start":{"line":5,"column":0},"end":{"line":30,"column":2}},"2":{"start":{"line":14,"column":6},"end":{"line":14,"column":41}},"3":{"start":{"line":15,"column":6},"end":{"line":15,"column":42}},"4":{"start":{"line":16,"column":6},"end":{"line":16,"column":38}},"5":{"start":{"line":18,"column":6},"end":{"line":18,"column":68}},"6":{"start":{"line":19,"column":6},"end":{"line":19,"column":35}},"7":{"start":{"line":22,"column":2},"end":{"line":28,"column":5}},"8":{"start":{"line":29,"column":2},"end":{"line":29,"column":12}}},"fnMap":{"0":{"name":"(anonymous_0)","decl":{"start":{"line":5,"column":17},"end":{"line":5,"column":18}},"loc":{"start":{"line":5,"column":43},"end":{"line":30,"column":1}},"line":5},"1":{"name":"(anonymous_1)","decl":{"start":{"line":12,"column":4},"end":{"line":12,"column":5}},"loc":{"start":{"line":12,"column":29},"end":{"line":20,"column":5}},"line":12}},"branchMap":{},"s":{"0":1,"1":1,"2":1,"3":1,"4":1,"5":1,"6":1,"7":1,"8":1},"f":{"0":1,"1":1},"b":{},"_coverageSchema":"1a1c01bbd47fc00a2c39e90264f33305004495a9","hash":"acba10ca8fc4c77f167d4fd466724d84df40ddc6"}
,"D:\\ASTON2020\\programmation\\cdnt10-node\\TPfin\\models\\adkeyword.js": {"path":"D:\\ASTON2020\\programmation\\cdnt10-node\\TPfin\\models\\adkeyword.js","statementMap":{"0":{"start":{"line":4,"column":4},"end":{"line":4,"column":24}},"1":{"start":{"line":5,"column":0},"end":{"line":24,"column":2}},"2":{"start":{"line":14,"column":6},"end":{"line":14,"column":37}},"3":{"start":{"line":15,"column":6},"end":{"line":15,"column":42}},"4":{"start":{"line":18,"column":2},"end":{"line":22,"column":5}},"5":{"start":{"line":23,"column":2},"end":{"line":23,"column":19}}},"fnMap":{"0":{"name":"(anonymous_0)","decl":{"start":{"line":5,"column":17},"end":{"line":5,"column":18}},"loc":{"start":{"line":5,"column":43},"end":{"line":24,"column":1}},"line":5},"1":{"name":"(anonymous_1)","decl":{"start":{"line":12,"column":4},"end":{"line":12,"column":5}},"loc":{"start":{"line":12,"column":29},"end":{"line":16,"column":5}},"line":12}},"branchMap":{},"s":{"0":1,"1":1,"2":1,"3":1,"4":1,"5":1},"f":{"0":1,"1":1},"b":{},"_coverageSchema":"1a1c01bbd47fc00a2c39e90264f33305004495a9","hash":"44598f961905eff4757f43676de45ac15e6d10ac"}
,"D:\\ASTON2020\\programmation\\cdnt10-node\\TPfin\\models\\agentimmovable.js": {"path":"D:\\ASTON2020\\programmation\\cdnt10-node\\TPfin\\models\\agentimmovable.js","statementMap":{"0":{"start":{"line":4,"column":4},"end":{"line":4,"column":24}},"1":{"start":{"line":5,"column":0},"end":{"line":28,"column":2}},"2":{"start":{"line":14,"column":6},"end":{"line":14,"column":45}},"3":{"start":{"line":15,"column":6},"end":{"line":15,"column":40}},"4":{"start":{"line":18,"column":2},"end":{"line":26,"column":5}},"5":{"start":{"line":27,"column":2},"end":{"line":27,"column":24}}},"fnMap":{"0":{"name":"(anonymous_0)","decl":{"start":{"line":5,"column":17},"end":{"line":5,"column":18}},"loc":{"start":{"line":5,"column":43},"end":{"line":28,"column":1}},"line":5},"1":{"name":"(anonymous_1)","decl":{"start":{"line":12,"column":4},"end":{"line":12,"column":5}},"loc":{"start":{"line":12,"column":29},"end":{"line":16,"column":5}},"line":12}},"branchMap":{},"s":{"0":1,"1":1,"2":1,"3":1,"4":1,"5":1},"f":{"0":1,"1":1},"b":{},"_coverageSchema":"1a1c01bbd47fc00a2c39e90264f33305004495a9","hash":"dc13be7f7ed107433e9cea65361071d338091280"}
,"D:\\ASTON2020\\programmation\\cdnt10-node\\TPfin\\models\\buyer.js": {"path":"D:\\ASTON2020\\programmation\\cdnt10-node\\TPfin\\models\\buyer.js","statementMap":{"0":{"start":{"line":4,"column":4},"end":{"line":4,"column":24}},"1":{"start":{"line":5,"column":0},"end":{"line":27,"column":2}},"2":{"start":{"line":14,"column":6},"end":{"line":14,"column":43}},"3":{"start":{"line":17,"column":2},"end":{"line":25,"column":5}},"4":{"start":{"line":26,"column":2},"end":{"line":26,"column":15}}},"fnMap":{"0":{"name":"(anonymous_0)","decl":{"start":{"line":5,"column":17},"end":{"line":5,"column":18}},"loc":{"start":{"line":5,"column":43},"end":{"line":27,"column":1}},"line":5},"1":{"name":"(anonymous_1)","decl":{"start":{"line":12,"column":4},"end":{"line":12,"column":5}},"loc":{"start":{"line":12,"column":29},"end":{"line":15,"column":5}},"line":12}},"branchMap":{},"s":{"0":1,"1":1,"2":1,"3":1,"4":1},"f":{"0":1,"1":1},"b":{},"_coverageSchema":"1a1c01bbd47fc00a2c39e90264f33305004495a9","hash":"141b8409ab7809b77b87904686120a0beb63da28"}
,"D:\\ASTON2020\\programmation\\cdnt10-node\\TPfin\\models\\feature.js": {"path":"D:\\ASTON2020\\programmation\\cdnt10-node\\TPfin\\models\\feature.js","statementMap":{"0":{"start":{"line":4,"column":4},"end":{"line":4,"column":24}},"1":{"start":{"line":5,"column":0},"end":{"line":24,"column":2}},"2":{"start":{"line":14,"column":6},"end":{"line":14,"column":44}},"3":{"start":{"line":17,"column":2},"end":{"line":22,"column":5}},"4":{"start":{"line":23,"column":2},"end":{"line":23,"column":17}}},"fnMap":{"0":{"name":"(anonymous_0)","decl":{"start":{"line":5,"column":17},"end":{"line":5,"column":18}},"loc":{"start":{"line":5,"column":43},"end":{"line":24,"column":1}},"line":5},"1":{"name":"(anonymous_1)","decl":{"start":{"line":12,"column":4},"end":{"line":12,"column":5}},"loc":{"start":{"line":12,"column":29},"end":{"line":15,"column":5}},"line":12}},"branchMap":{},"s":{"0":1,"1":1,"2":1,"3":1,"4":1},"f":{"0":1,"1":1},"b":{},"_coverageSchema":"1a1c01bbd47fc00a2c39e90264f33305004495a9","hash":"41f5c6389d16632c600aed740a25f213c6e5ef08"}
,"D:\\ASTON2020\\programmation\\cdnt10-node\\TPfin\\models\\goodimmovable.js": {"path":"D:\\ASTON2020\\programmation\\cdnt10-node\\TPfin\\models\\goodimmovable.js","statementMap":{"0":{"start":{"line":4,"column":4},"end":{"line":4,"column":24}},"1":{"start":{"line":5,"column":0},"end":{"line":29,"column":2}},"2":{"start":{"line":14,"column":6},"end":{"line":14,"column":39}},"3":{"start":{"line":15,"column":6},"end":{"line":15,"column":46}},"4":{"start":{"line":16,"column":6},"end":{"line":16,"column":46}},"5":{"start":{"line":19,"column":2},"end":{"line":27,"column":5}},"6":{"start":{"line":28,"column":2},"end":{"line":28,"column":23}}},"fnMap":{"0":{"name":"(anonymous_0)","decl":{"start":{"line":5,"column":17},"end":{"line":5,"column":18}},"loc":{"start":{"line":5,"column":43},"end":{"line":29,"column":1}},"line":5},"1":{"name":"(anonymous_1)","decl":{"start":{"line":12,"column":4},"end":{"line":12,"column":5}},"loc":{"start":{"line":12,"column":29},"end":{"line":17,"column":5}},"line":12}},"branchMap":{},"s":{"0":1,"1":1,"2":1,"3":1,"4":1,"5":1,"6":1},"f":{"0":1,"1":1},"b":{},"_coverageSchema":"1a1c01bbd47fc00a2c39e90264f33305004495a9","hash":"e0604a08c0fd5fd790d5cc8745c5cce8ebc2245b"}
,"D:\\ASTON2020\\programmation\\cdnt10-node\\TPfin\\models\\index.js": {"path":"D:\\ASTON2020\\programmation\\cdnt10-node\\TPfin\\models\\index.js","statementMap":{"0":{"start":{"line":3,"column":11},"end":{"line":3,"column":24}},"1":{"start":{"line":4,"column":13},"end":{"line":4,"column":28}},"2":{"start":{"line":5,"column":18},"end":{"line":5,"column":38}},"3":{"start":{"line":6,"column":17},"end":{"line":6,"column":42}},"4":{"start":{"line":7,"column":12},"end":{"line":7,"column":49}},"5":{"start":{"line":8,"column":15},"end":{"line":8,"column":65}},"6":{"start":{"line":9,"column":11},"end":{"line":9,"column":13}},"7":{"start":{"line":12,"column":0},"end":{"line":16,"column":1}},"8":{"start":{"line":13,"column":2},"end":{"line":13,"column":74}},"9":{"start":{"line":15,"column":2},"end":{"line":15,"column":87}},"10":{"start":{"line":18,"column":0},"end":{"line":26,"column":5}},"11":{"start":{"line":21,"column":4},"end":{"line":21,"column":90}},"12":{"start":{"line":24,"column":18},"end":{"line":24,"column":85}},"13":{"start":{"line":25,"column":4},"end":{"line":25,"column":27}},"14":{"start":{"line":28,"column":0},"end":{"line":32,"column":3}},"15":{"start":{"line":29,"column":2},"end":{"line":31,"column":3}},"16":{"start":{"line":30,"column":4},"end":{"line":30,"column":32}},"17":{"start":{"line":34,"column":0},"end":{"line":34,"column":25}},"18":{"start":{"line":35,"column":0},"end":{"line":35,"column":25}},"19":{"start":{"line":37,"column":0},"end":{"line":37,"column":20}}},"fnMap":{"0":{"name":"(anonymous_0)","decl":{"start":{"line":20,"column":10},"end":{"line":20,"column":11}},"loc":{"start":{"line":20,"column":18},"end":{"line":22,"column":3}},"line":20},"1":{"name":"(anonymous_1)","decl":{"start":{"line":23,"column":11},"end":{"line":23,"column":12}},"loc":{"start":{"line":23,"column":19},"end":{"line":26,"column":3}},"line":23},"2":{"name":"(anonymous_2)","decl":{"start":{"line":28,"column":24},"end":{"line":28,"column":25}},"loc":{"start":{"line":28,"column":37},"end":{"line":32,"column":1}},"line":28}},"branchMap":{"0":{"loc":{"start":{"line":7,"column":12},"end":{"line":7,"column":49}},"type":"binary-expr","locations":[{"start":{"line":7,"column":12},"end":{"line":7,"column":32}},{"start":{"line":7,"column":36},"end":{"line":7,"column":49}}],"line":7},"1":{"loc":{"start":{"line":12,"column":0},"end":{"line":16,"column":1}},"type":"if","locations":[{"start":{"line":12,"column":0},"end":{"line":16,"column":1}},{"start":{"line":12,"column":0},"end":{"line":16,"column":1}}],"line":12},"2":{"loc":{"start":{"line":21,"column":11},"end":{"line":21,"column":89}},"type":"binary-expr","locations":[{"start":{"line":21,"column":12},"end":{"line":21,"column":35}},{"start":{"line":21,"column":41},"end":{"line":21,"column":58}},{"start":{"line":21,"column":64},"end":{"line":21,"column":88}}],"line":21},"3":{"loc":{"start":{"line":29,"column":2},"end":{"line":31,"column":3}},"type":"if","locations":[{"start":{"line":29,"column":2},"end":{"line":31,"column":3}},{"start":{"line":29,"column":2},"end":{"line":31,"column":3}}],"line":29}},"s":{"0":1,"1":1,"2":1,"3":1,"4":1,"5":1,"6":1,"7":1,"8":0,"9":1,"10":1,"11":9,"12":8,"13":8,"14":1,"15":8,"16":8,"17":1,"18":1,"19":1},"f":{"0":9,"1":8,"2":8},"b":{"0":[1,0],"1":[0,1],"2":[9,9,8],"3":[8,0]},"_coverageSchema":"1a1c01bbd47fc00a2c39e90264f33305004495a9","hash":"fa2dbd385b4b65487cfb039828b3b909c14cfa6d"}
,"D:\\ASTON2020\\programmation\\cdnt10-node\\TPfin\\models\\keyword.js": {"path":"D:\\ASTON2020\\programmation\\cdnt10-node\\TPfin\\models\\keyword.js","statementMap":{"0":{"start":{"line":4,"column":4},"end":{"line":4,"column":24}},"1":{"start":{"line":5,"column":0},"end":{"line":28,"column":2}},"2":{"start":{"line":14,"column":6},"end":{"line":14,"column":44}},"3":{"start":{"line":17,"column":6},"end":{"line":17,"column":68}},"4":{"start":{"line":18,"column":6},"end":{"line":18,"column":40}},"5":{"start":{"line":21,"column":2},"end":{"line":26,"column":5}},"6":{"start":{"line":27,"column":2},"end":{"line":27,"column":17}}},"fnMap":{"0":{"name":"(anonymous_0)","decl":{"start":{"line":5,"column":17},"end":{"line":5,"column":18}},"loc":{"start":{"line":5,"column":43},"end":{"line":28,"column":1}},"line":5},"1":{"name":"(anonymous_1)","decl":{"start":{"line":12,"column":4},"end":{"line":12,"column":5}},"loc":{"start":{"line":12,"column":29},"end":{"line":19,"column":5}},"line":12}},"branchMap":{},"s":{"0":1,"1":1,"2":1,"3":1,"4":1,"5":1,"6":1},"f":{"0":1,"1":1},"b":{},"_coverageSchema":"1a1c01bbd47fc00a2c39e90264f33305004495a9","hash":"1c971c441e68b975f11e228b8a746858f33cdd62"}
,"D:\\ASTON2020\\programmation\\cdnt10-node\\TPfin\\models\\salestatus.js": {"path":"D:\\ASTON2020\\programmation\\cdnt10-node\\TPfin\\models\\salestatus.js","statementMap":{"0":{"start":{"line":4,"column":4},"end":{"line":4,"column":24}},"1":{"start":{"line":5,"column":0},"end":{"line":24,"column":2}},"2":{"start":{"line":14,"column":6},"end":{"line":14,"column":36}},"3":{"start":{"line":17,"column":2},"end":{"line":22,"column":5}},"4":{"start":{"line":23,"column":2},"end":{"line":23,"column":20}}},"fnMap":{"0":{"name":"(anonymous_0)","decl":{"start":{"line":5,"column":17},"end":{"line":5,"column":18}},"loc":{"start":{"line":5,"column":43},"end":{"line":24,"column":1}},"line":5},"1":{"name":"(anonymous_1)","decl":{"start":{"line":12,"column":4},"end":{"line":12,"column":5}},"loc":{"start":{"line":12,"column":29},"end":{"line":15,"column":5}},"line":12}},"branchMap":{},"s":{"0":1,"1":1,"2":1,"3":1,"4":1},"f":{"0":1,"1":1},"b":{},"_coverageSchema":"1a1c01bbd47fc00a2c39e90264f33305004495a9","hash":"aa5e58d18c832d27b0c0c7c7b7c436e142199285"}
,"D:\\ASTON2020\\programmation\\cdnt10-node\\TPfin\\routes\\ad.js": {"path":"D:\\ASTON2020\\programmation\\cdnt10-node\\TPfin\\routes\\ad.js","statementMap":{"0":{"start":{"line":1,"column":16},"end":{"line":1,"column":34}},"1":{"start":{"line":2,"column":21},"end":{"line":2,"column":60}},"2":{"start":{"line":5,"column":15},"end":{"line":5,"column":31}},"3":{"start":{"line":9,"column":0},"end":{"line":9,"column":38}},"4":{"start":{"line":10,"column":0},"end":{"line":10,"column":43}},"5":{"start":{"line":11,"column":0},"end":{"line":11,"column":38}},"6":{"start":{"line":12,"column":0},"end":{"line":12,"column":41}},"7":{"start":{"line":13,"column":0},"end":{"line":13,"column":46}},"8":{"start":{"line":16,"column":0},"end":{"line":16,"column":24}}},"fnMap":{},"branchMap":{},"s":{"0":1,"1":1,"2":1,"3":1,"4":1,"5":1,"6":1,"7":1,"8":1},"f":{},"b":{},"_coverageSchema":"1a1c01bbd47fc00a2c39e90264f33305004495a9","hash":"53b3fe1fa0db57fab7ddc6e7e3f1a46b6b21acf6"}
,"D:\\ASTON2020\\programmation\\cdnt10-node\\TPfin\\routes\\agentimmovable.js": {"path":"D:\\ASTON2020\\programmation\\cdnt10-node\\TPfin\\routes\\agentimmovable.js","statementMap":{"0":{"start":{"line":1,"column":16},"end":{"line":1,"column":34}},"1":{"start":{"line":2,"column":33},"end":{"line":2,"column":84}},"2":{"start":{"line":5,"column":15},"end":{"line":5,"column":31}},"3":{"start":{"line":9,"column":0},"end":{"line":9,"column":62}},"4":{"start":{"line":10,"column":0},"end":{"line":10,"column":67}},"5":{"start":{"line":11,"column":0},"end":{"line":11,"column":62}},"6":{"start":{"line":12,"column":0},"end":{"line":12,"column":65}},"7":{"start":{"line":13,"column":0},"end":{"line":13,"column":70}},"8":{"start":{"line":16,"column":0},"end":{"line":16,"column":24}}},"fnMap":{},"branchMap":{},"s":{"0":1,"1":1,"2":1,"3":1,"4":1,"5":1,"6":1,"7":1,"8":1},"f":{},"b":{},"_coverageSchema":"1a1c01bbd47fc00a2c39e90264f33305004495a9","hash":"c650f22ebaeffc6c29a1db4323de5c4942539817"}
,"D:\\ASTON2020\\programmation\\cdnt10-node\\TPfin\\routes\\buyer.js": {"path":"D:\\ASTON2020\\programmation\\cdnt10-node\\TPfin\\routes\\buyer.js","statementMap":{"0":{"start":{"line":1,"column":16},"end":{"line":1,"column":34}},"1":{"start":{"line":2,"column":24},"end":{"line":2,"column":66}},"2":{"start":{"line":5,"column":15},"end":{"line":5,"column":31}},"3":{"start":{"line":9,"column":0},"end":{"line":9,"column":44}},"4":{"start":{"line":10,"column":0},"end":{"line":10,"column":49}},"5":{"start":{"line":11,"column":0},"end":{"line":11,"column":44}},"6":{"start":{"line":12,"column":0},"end":{"line":12,"column":47}},"7":{"start":{"line":13,"column":0},"end":{"line":13,"column":52}},"8":{"start":{"line":16,"column":0},"end":{"line":16,"column":24}}},"fnMap":{},"branchMap":{},"s":{"0":1,"1":1,"2":1,"3":1,"4":1,"5":1,"6":1,"7":1,"8":1},"f":{},"b":{},"_coverageSchema":"1a1c01bbd47fc00a2c39e90264f33305004495a9","hash":"523414a75494f91f2e318f1d20ab893740ddc6dc"}
,"D:\\ASTON2020\\programmation\\cdnt10-node\\TPfin\\routes\\feature.js": {"path":"D:\\ASTON2020\\programmation\\cdnt10-node\\TPfin\\routes\\feature.js","statementMap":{"0":{"start":{"line":1,"column":16},"end":{"line":1,"column":34}},"1":{"start":{"line":2,"column":26},"end":{"line":2,"column":70}},"2":{"start":{"line":5,"column":15},"end":{"line":5,"column":31}},"3":{"start":{"line":9,"column":0},"end":{"line":9,"column":48}},"4":{"start":{"line":10,"column":0},"end":{"line":10,"column":53}},"5":{"start":{"line":11,"column":0},"end":{"line":11,"column":48}},"6":{"start":{"line":12,"column":0},"end":{"line":12,"column":51}},"7":{"start":{"line":13,"column":0},"end":{"line":13,"column":56}},"8":{"start":{"line":16,"column":0},"end":{"line":16,"column":24}}},"fnMap":{},"branchMap":{},"s":{"0":1,"1":1,"2":1,"3":1,"4":1,"5":1,"6":1,"7":1,"8":1},"f":{},"b":{},"_coverageSchema":"1a1c01bbd47fc00a2c39e90264f33305004495a9","hash":"d52ffb2ed48e0e1de0759cce68e321fb9bbf3b4e"}
,"D:\\ASTON2020\\programmation\\cdnt10-node\\TPfin\\routes\\goodimmovable.js": {"path":"D:\\ASTON2020\\programmation\\cdnt10-node\\TPfin\\routes\\goodimmovable.js","statementMap":{"0":{"start":{"line":1,"column":16},"end":{"line":1,"column":34}},"1":{"start":{"line":2,"column":32},"end":{"line":2,"column":82}},"2":{"start":{"line":5,"column":15},"end":{"line":5,"column":31}},"3":{"start":{"line":9,"column":0},"end":{"line":9,"column":60}},"4":{"start":{"line":10,"column":0},"end":{"line":10,"column":65}},"5":{"start":{"line":11,"column":0},"end":{"line":11,"column":60}},"6":{"start":{"line":12,"column":0},"end":{"line":12,"column":63}},"7":{"start":{"line":13,"column":0},"end":{"line":13,"column":68}},"8":{"start":{"line":16,"column":0},"end":{"line":16,"column":24}}},"fnMap":{},"branchMap":{},"s":{"0":1,"1":1,"2":1,"3":1,"4":1,"5":1,"6":1,"7":1,"8":1},"f":{},"b":{},"_coverageSchema":"1a1c01bbd47fc00a2c39e90264f33305004495a9","hash":"189b4e6242091bfe8c9f6452e17de0d08ae3a448"}
,"D:\\ASTON2020\\programmation\\cdnt10-node\\TPfin\\routes\\keyword.js": {"path":"D:\\ASTON2020\\programmation\\cdnt10-node\\TPfin\\routes\\keyword.js","statementMap":{"0":{"start":{"line":1,"column":16},"end":{"line":1,"column":34}},"1":{"start":{"line":2,"column":26},"end":{"line":2,"column":70}},"2":{"start":{"line":5,"column":15},"end":{"line":5,"column":31}},"3":{"start":{"line":9,"column":0},"end":{"line":9,"column":48}},"4":{"start":{"line":10,"column":0},"end":{"line":10,"column":53}},"5":{"start":{"line":11,"column":0},"end":{"line":11,"column":48}},"6":{"start":{"line":12,"column":0},"end":{"line":12,"column":51}},"7":{"start":{"line":13,"column":0},"end":{"line":13,"column":56}},"8":{"start":{"line":16,"column":0},"end":{"line":16,"column":24}}},"fnMap":{},"branchMap":{},"s":{"0":1,"1":1,"2":1,"3":1,"4":1,"5":1,"6":1,"7":1,"8":1},"f":{},"b":{},"_coverageSchema":"1a1c01bbd47fc00a2c39e90264f33305004495a9","hash":"2b1d8671da5a5d041e0f9353f89438000285000d"}
,"D:\\ASTON2020\\programmation\\cdnt10-node\\TPfin\\routes\\salestatus.js": {"path":"D:\\ASTON2020\\programmation\\cdnt10-node\\TPfin\\routes\\salestatus.js","statementMap":{"0":{"start":{"line":1,"column":16},"end":{"line":1,"column":34}},"1":{"start":{"line":2,"column":29},"end":{"line":2,"column":76}},"2":{"start":{"line":5,"column":15},"end":{"line":5,"column":31}},"3":{"start":{"line":9,"column":0},"end":{"line":9,"column":54}},"4":{"start":{"line":10,"column":0},"end":{"line":10,"column":59}},"5":{"start":{"line":11,"column":0},"end":{"line":11,"column":54}},"6":{"start":{"line":12,"column":0},"end":{"line":12,"column":57}},"7":{"start":{"line":13,"column":0},"end":{"line":13,"column":62}},"8":{"start":{"line":16,"column":0},"end":{"line":16,"column":24}}},"fnMap":{},"branchMap":{},"s":{"0":1,"1":1,"2":1,"3":1,"4":1,"5":1,"6":1,"7":1,"8":1},"f":{},"b":{},"_coverageSchema":"1a1c01bbd47fc00a2c39e90264f33305004495a9","hash":"3f8084d519fc5a5d02419841db44b02600648111"}
}
